VirtualBox GUI VM Selector Window 4.3.10_Ubuntu r93012 linux.amd64 (Mar  5 2015 00:03:04) release log
00:00:00.075158 Log opened 2015-04-03T11:39:19.010734000Z
00:00:00.075159 Build Type: release
00:00:00.075161 OS Product: Linux
00:00:00.075162 OS Release: 3.13.0-48-generic
00:00:00.075162 OS Version: #80-Ubuntu SMP Thu Mar 12 11:16:15 UTC 2015
00:00:00.075180 DMI Product Name: 4290AG1
00:00:00.075186 DMI Product Version: ThinkPad X220
00:00:00.075575 Host RAM: 15931MB total, 14393MB available
00:00:00.075579 Executable: /usr/lib/virtualbox/VirtualBox
00:00:00.075579 Process ID: 25013
00:00:00.075580 Package type: LINUX_64BITS_GENERIC (OSE)
00:00:00.076974 UIMediumEnumerator: Medium-enumeration started...
00:00:10.704244 UIMediumEnumerator: Machine registration event received, ID = 6112f25c-b9bb-462e-9b51-d428c04bc76a
00:00:10.706377 UIMediumEnumerator:  New usage: 2bbf934d-6e6c-4103-a069-9cce45834769
00:00:10.711822 UIMediumEnumerator:  Medium with key={2bbf934d-6e6c-4103-a069-9cce45834769} cached.
00:00:10.711915 UIMediumEnumerator: Machine registration event processed, ID = 6112f25c-b9bb-462e-9b51-d428c04bc76a
00:00:10.730764 UIMediumEnumerator: Medium-enumeration finished!
00:00:11.023631 UIMediumEnumerator: Machine (or snapshot) event received, ID = 6112f25c-b9bb-462e-9b51-d428c04bc76a
00:00:11.023672 UIMediumEnumerator:  Old usage: 2bbf934d-6e6c-4103-a069-9cce45834769
00:00:11.029878 UIMediumEnumerator:  New usage: 2bbf934d-6e6c-4103-a069-9cce45834769
00:00:11.029913 UIMediumEnumerator: Machine (or snapshot) event processed, ID = 6112f25c-b9bb-462e-9b51-d428c04bc76a
00:00:11.762161 UIMediumEnumerator: Machine (or snapshot) event received, ID = 6112f25c-b9bb-462e-9b51-d428c04bc76a
00:00:11.762185 UIMediumEnumerator:  Old usage: 2bbf934d-6e6c-4103-a069-9cce45834769
00:00:11.762598 UIMediumEnumerator:  New usage: 2bbf934d-6e6c-4103-a069-9cce45834769
00:00:11.762611 UIMediumEnumerator: Machine (or snapshot) event processed, ID = 6112f25c-b9bb-462e-9b51-d428c04bc76a
00:00:12.012724 UIMediumEnumerator: Machine (or snapshot) event received, ID = 6112f25c-b9bb-462e-9b51-d428c04bc76a
00:00:12.012754 UIMediumEnumerator:  Old usage: 2bbf934d-6e6c-4103-a069-9cce45834769
00:00:12.013286 UIMediumEnumerator:  New usage: 2bbf934d-6e6c-4103-a069-9cce45834769
00:00:12.013300 UIMediumEnumerator: Machine (or snapshot) event processed, ID = 6112f25c-b9bb-462e-9b51-d428c04bc76a
00:00:12.344400 UIMediumEnumerator: Machine (or snapshot) event received, ID = 6112f25c-b9bb-462e-9b51-d428c04bc76a
00:00:12.344436 UIMediumEnumerator:  Old usage: 2bbf934d-6e6c-4103-a069-9cce45834769
00:00:12.345175 UIMediumEnumerator:  New usage: 2bbf934d-6e6c-4103-a069-9cce45834769
00:00:12.345191 UIMediumEnumerator: Machine (or snapshot) event processed, ID = 6112f25c-b9bb-462e-9b51-d428c04bc76a
00:00:12.535032 UIMediumEnumerator: Machine (or snapshot) event received, ID = 6112f25c-b9bb-462e-9b51-d428c04bc76a
00:00:12.535073 UIMediumEnumerator:  Old usage: 2bbf934d-6e6c-4103-a069-9cce45834769
00:00:12.535836 UIMediumEnumerator:  New usage: 2bbf934d-6e6c-4103-a069-9cce45834769
00:00:12.535855 UIMediumEnumerator: Machine (or snapshot) event processed, ID = 6112f25c-b9bb-462e-9b51-d428c04bc76a
00:00:12.792268 UIMediumEnumerator: Machine (or snapshot) event received, ID = 6112f25c-b9bb-462e-9b51-d428c04bc76a
00:00:12.792306 UIMediumEnumerator:  Old usage: 2bbf934d-6e6c-4103-a069-9cce45834769
00:00:12.793038 UIMediumEnumerator:  New usage: 2bbf934d-6e6c-4103-a069-9cce45834769
00:00:12.793057 UIMediumEnumerator: Machine (or snapshot) event processed, ID = 6112f25c-b9bb-462e-9b51-d428c04bc76a
00:00:12.963077 UIMediumEnumerator: Machine (or snapshot) event received, ID = 6112f25c-b9bb-462e-9b51-d428c04bc76a
00:00:12.963112 UIMediumEnumerator:  Old usage: 2bbf934d-6e6c-4103-a069-9cce45834769
00:00:12.963553 UIMediumEnumerator:  New usage: 2bbf934d-6e6c-4103-a069-9cce45834769
00:00:12.963569 UIMediumEnumerator: Machine (or snapshot) event processed, ID = 6112f25c-b9bb-462e-9b51-d428c04bc76a
00:00:15.205464 UIMediumEnumerator: Machine (or snapshot) event received, ID = 6112f25c-b9bb-462e-9b51-d428c04bc76a
00:00:15.205510 UIMediumEnumerator:  Old usage: 2bbf934d-6e6c-4103-a069-9cce45834769
00:00:15.206009 UIMediumEnumerator:  New usage: 2bbf934d-6e6c-4103-a069-9cce45834769
00:00:15.206030 UIMediumEnumerator: Machine (or snapshot) event processed, ID = 6112f25c-b9bb-462e-9b51-d428c04bc76a
00:00:15.325716 UIMediumEnumerator: Machine (or snapshot) event received, ID = 6112f25c-b9bb-462e-9b51-d428c04bc76a
00:00:15.325752 UIMediumEnumerator:  Old usage: 2bbf934d-6e6c-4103-a069-9cce45834769
00:00:15.326316 UIMediumEnumerator:  New usage: 2bbf934d-6e6c-4103-a069-9cce45834769
00:00:15.326336 UIMediumEnumerator: Machine (or snapshot) event processed, ID = 6112f25c-b9bb-462e-9b51-d428c04bc76a
00:00:15.426089 UIMediumEnumerator: Machine (or snapshot) event received, ID = 6112f25c-b9bb-462e-9b51-d428c04bc76a
00:00:15.426120 UIMediumEnumerator:  Old usage: 2bbf934d-6e6c-4103-a069-9cce45834769
00:00:15.426620 UIMediumEnumerator:  New usage: 2bbf934d-6e6c-4103-a069-9cce45834769
00:00:15.426634 UIMediumEnumerator: Machine (or snapshot) event processed, ID = 6112f25c-b9bb-462e-9b51-d428c04bc76a
00:00:15.941885 2D support test succeeded
00:00:15.947584 UIMediumEnumerator: Medium-enumeration started...
00:00:16.055995 UIMediumEnumerator: Medium-enumeration finished!
00:00:23.920477 UIMediumEnumerator: Machine (or snapshot) event received, ID = 6112f25c-b9bb-462e-9b51-d428c04bc76a
00:00:23.920567 UIMediumEnumerator:  Old usage: 2bbf934d-6e6c-4103-a069-9cce45834769
00:00:23.922378 UIMediumEnumerator:  New usage: 2bbf934d-6e6c-4103-a069-9cce45834769
00:00:23.922420 UIMediumEnumerator: Machine (or snapshot) event processed, ID = 6112f25c-b9bb-462e-9b51-d428c04bc76a
00:00:26.532936 UIMediumEnumerator: Machine (or snapshot) event received, ID = 6112f25c-b9bb-462e-9b51-d428c04bc76a
00:00:26.532968 UIMediumEnumerator:  Old usage: 2bbf934d-6e6c-4103-a069-9cce45834769
00:00:26.533418 UIMediumEnumerator:  New usage: 2bbf934d-6e6c-4103-a069-9cce45834769
00:00:26.533432 UIMediumEnumerator: Machine (or snapshot) event processed, ID = 6112f25c-b9bb-462e-9b51-d428c04bc76a
00:00:26.865108 UIMediumEnumerator: Machine (or snapshot) event received, ID = 6112f25c-b9bb-462e-9b51-d428c04bc76a
00:00:26.865151 UIMediumEnumerator:  Old usage: 2bbf934d-6e6c-4103-a069-9cce45834769
00:00:26.866459 UIMediumEnumerator:  New usage: 2bbf934d-6e6c-4103-a069-9cce45834769
00:00:26.866489 UIMediumEnumerator: Machine (or snapshot) event processed, ID = 6112f25c-b9bb-462e-9b51-d428c04bc76a
00:00:26.985877 UIMediumEnumerator: Machine (or snapshot) event received, ID = 6112f25c-b9bb-462e-9b51-d428c04bc76a
00:00:26.985915 UIMediumEnumerator:  Old usage: 2bbf934d-6e6c-4103-a069-9cce45834769
00:00:26.986569 UIMediumEnumerator:  New usage: 2bbf934d-6e6c-4103-a069-9cce45834769
00:00:26.986584 UIMediumEnumerator: Machine (or snapshot) event processed, ID = 6112f25c-b9bb-462e-9b51-d428c04bc76a
00:00:27.117228 UIMediumEnumerator: Machine (or snapshot) event received, ID = 6112f25c-b9bb-462e-9b51-d428c04bc76a
00:00:27.117284 UIMediumEnumerator:  Old usage: 2bbf934d-6e6c-4103-a069-9cce45834769
00:00:27.118571 UIMediumEnumerator:  New usage: 2bbf934d-6e6c-4103-a069-9cce45834769
00:00:27.118649 UIMediumEnumerator: Machine (or snapshot) event processed, ID = 6112f25c-b9bb-462e-9b51-d428c04bc76a
00:00:27.387193 UIMediumEnumerator: Machine (or snapshot) event received, ID = 6112f25c-b9bb-462e-9b51-d428c04bc76a
00:00:27.387228 UIMediumEnumerator:  Old usage: 2bbf934d-6e6c-4103-a069-9cce45834769
00:00:27.387860 UIMediumEnumerator:  New usage: 2bbf934d-6e6c-4103-a069-9cce45834769
00:00:27.387876 UIMediumEnumerator: Machine (or snapshot) event processed, ID = 6112f25c-b9bb-462e-9b51-d428c04bc76a
00:00:27.557371 UIMediumEnumerator: Machine (or snapshot) event received, ID = 6112f25c-b9bb-462e-9b51-d428c04bc76a
00:00:27.557450 UIMediumEnumerator:  Old usage: 2bbf934d-6e6c-4103-a069-9cce45834769
00:00:27.559323 UIMediumEnumerator:  New usage: 2bbf934d-6e6c-4103-a069-9cce45834769
00:00:27.559345 UIMediumEnumerator: Machine (or snapshot) event processed, ID = 6112f25c-b9bb-462e-9b51-d428c04bc76a
